<?xml version="1.0" encoding="UTF-8"?>
<testsuite xmlns:xsi="http://www.w3.org/2001/XMLSchema-instance" xsi:noNamespaceSchemaLocation="https://maven.apache.org/surefire/maven-surefire-plugin/xsd/surefire-test-report-3.0.xsd" version="3.0" name="financial.controller.FinancialControllerTest" time="4.477" tests="3" errors="0" skipped="0" failures="0">
  <properties>
[...]
</properties>
  <testcase name="healthCheck_returnsOK" classname="financial.controller.FinancialControllerTest" time="0.153">
    <system-out><![CDATA[20:39:00.915 [main] INFO org.springframework.test.context.support.AnnotationConfigContextLoaderUtils -- Could not detect default configuration classes for test class [financial.controller.FinancialControllerTest]: FinancialControllerTest does not declare any static, non-private, non-final, nested classes annotated with @Configuration.
20:39:01.165 [main] INFO org.springframework.boot.test.context.SpringBootTestContextBootstrapper -- Found @SpringBootConfiguration financial.FinancialApiApplication for test class financial.controller.FinancialControllerTest
20:39:00,681 |-INFO in ch.qos.logback.classic.LoggerContext[default] - This is logback-classic version 1.4.11
20:39:00,685 |-INFO in ch.qos.logback.classic.util.ContextInitializer@6e1b9411 - Here is a list of configurators discovered as a service, by rank: 
20:39:00,685 |-INFO in ch.qos.logback.classic.util.ContextInitializer@6e1b9411 -   org.springframework.boot.logging.logback.RootLogLevelConfigurator
20:39:00,685 |-INFO in ch.qos.logback.classic.util.ContextInitializer@6e1b9411 - They will be invoked in order until ExecutionStatus.DO_NOT_INVOKE_NEXT_IF_ANY is returned.
20:39:00,685 |-INFO in ch.qos.logback.classic.util.ContextInitializer@6e1b9411 - Constructed configurator of type class org.springframework.boot.logging.logback.RootLogLevelConfigurator
20:39:00,691 |-INFO in ch.qos.logback.classic.util.ContextInitializer@6e1b9411 - org.springframework.boot.logging.logback.RootLogLevelConfigurator.configure() call lasted 1 milliseconds. ExecutionStatus=INVOKE_NEXT_IF_ANY
20:39:00,691 |-INFO in ch.qos.logback.classic.util.ContextInitializer@6e1b9411 - Trying to configure with ch.qos.logback.classic.joran.SerializedModelConfigurator
20:39:00,692 |-INFO in ch.qos.logback.classic.util.ContextInitializer@6e1b9411 - Constructed configurator of type class ch.qos.logback.classic.joran.SerializedModelConfigurator
20:39:00,715 |-INFO in ch.qos.logback.classic.LoggerContext[default] - Could NOT find resource [logback-test.scmo]
20:39:00,716 |-INFO in ch.qos.logback.classic.LoggerContext[default] - Could NOT find resource [logback.scmo]
20:39:00,716 |-INFO in ch.qos.logback.classic.util.ContextInitializer@6e1b9411 - ch.qos.logback.classic.joran.SerializedModelConfigurator.configure() call lasted 24 milliseconds. ExecutionStatus=INVOKE_NEXT_IF_ANY
20:39:00,716 |-INFO in ch.qos.logback.classic.util.ContextInitializer@6e1b9411 - Trying to configure with ch.qos.logback.classic.util.DefaultJoranConfigurator
20:39:00,717 |-INFO in ch.qos.logback.classic.util.ContextInitializer@6e1b9411 - Constructed configurator of type class ch.qos.logback.classic.util.DefaultJoranConfigurator
20:39:00,718 |-INFO in ch.qos.logback.classic.LoggerContext[default] - Could NOT find resource [logback-test.xml]
20:39:00,719 |-INFO in ch.qos.logback.classic.LoggerContext[default] - Could NOT find resource [logback.xml]
20:39:00,719 |-INFO in ch.qos.logback.classic.util.ContextInitializer@6e1b9411 - ch.qos.logback.classic.util.DefaultJoranConfigurator.configure() call lasted 2 milliseconds. ExecutionStatus=INVOKE_NEXT_IF_ANY
20:39:00,719 |-INFO in ch.qos.logback.classic.util.ContextInitializer@6e1b9411 - Trying to configure with ch.qos.logback.classic.BasicConfigurator
20:39:00,720 |-INFO in ch.qos.logback.classic.util.ContextInitializer@6e1b9411 - Constructed configurator of type class ch.qos.logback.classic.BasicConfigurator
20:39:00,720 |-INFO in ch.qos.logback.classic.BasicConfigurator@21d1b321 - Setting up default configuration.
20:39:00,737 |-INFO in ch.qos.logback.classic.util.ContextInitializer@6e1b9411 - ch.qos.logback.classic.BasicConfigurator.configure() call lasted 17 milliseconds. ExecutionStatus=NEUTRAL
20:39:01,760 |-INFO in ch.qos.logback.core.joran.util.ConfigurationWatchListUtil@5ec46cdd - Adding [jar:file:/C:/Users/dodob/.m2/repository/org/springframework/boot/spring-boot/3.1.3/spring-boot-3.1.3.jar!/org/springframework/boot/logging/logback/defaults.xml] to configuration watch list.
20:39:01,760 |-INFO in ch.qos.logback.core.joran.spi.ConfigurationWatchList@2324bfe7 - URL [jar:file:/C:/Users/dodob/.m2/repository/org/springframework/boot/spring-boot/3.1.3/spring-boot-3.1.3.jar!/org/springframework/boot/logging/logback/defaults.xml] is not of type file
20:39:01,763 |-INFO in ch.qos.logback.core.joran.action.ConversionRuleAction - registering conversion word clr with class [org.springframework.boot.logging.logback.ColorConverter]
20:39:01,763 |-INFO in ch.qos.logback.core.joran.action.ConversionRuleAction - registering conversion word wex with class [org.springframework.boot.logging.logback.WhitespaceThrowableProxyConverter]
20:39:01,763 |-INFO in ch.qos.logback.core.joran.action.ConversionRuleAction - registering conversion word wEx with class [org.springframework.boot.logging.logback.ExtendedWhitespaceThrowableProxyConverter]
20:39:01,764 |-INFO in ch.qos.logback.core.joran.util.ConfigurationWatchListUtil@5ec46cdd - Adding [jar:file:/C:/Users/dodob/.m2/repository/org/springframework/boot/spring-boot/3.1.3/spring-boot-3.1.3.jar!/org/springframework/boot/logging/logback/console-appender.xml] to configuration watch list.
20:39:01,765 |-INFO in ch.qos.logback.core.joran.spi.ConfigurationWatchList@2324bfe7 - URL [jar:file:/C:/Users/dodob/.m2/repository/org/springframework/boot/spring-boot/3.1.3/spring-boot-3.1.3.jar!/org/springframework/boot/logging/logback/console-appender.xml] is not of type file
20:39:01,806 |-INFO in ch.qos.logback.classic.model.processor.ConfigurationModelHandlerFull - Registering a new ReconfigureOnChangeTask ReconfigureOnChangeTask(born:1750012741805)
20:39:01,807 |-INFO in ch.qos.logback.classic.model.processor.ConfigurationModelHandlerFull - No 'scanPeriod' specified. Defaulting to 1 minutes
20:39:01,807 |-INFO in ch.qos.logback.classic.model.processor.ConfigurationModelHandlerFull - Will scan for changes in [file:/C:/Users/dodob/IdeaProjects/APIMicroservices/target/classes/logback-spring.xml] 
20:39:01,807 |-INFO in ch.qos.logback.classic.model.processor.ConfigurationModelHandlerFull - Setting ReconfigureOnChangeTask scanning period to 1 minutes
20:39:01,814 |-INFO in ch.qos.logback.classic.model.processor.LoggerModelHandler - Setting level of logger [org.apache.catalina.startup.DigesterFactory] to ERROR
20:39:01,814 |-INFO in ch.qos.logback.classic.jul.LevelChangePropagator@112d1c8e - Propagating ERROR level on Logger[org.apache.catalina.startup.DigesterFactory] onto the JUL framework
20:39:01,814 |-INFO in ch.qos.logback.classic.model.processor.LoggerModelHandler - Setting level of logger [org.apache.catalina.util.LifecycleBase] to ERROR
20:39:01,814 |-INFO in ch.qos.logback.classic.jul.LevelChangePropagator@112d1c8e - Propagating ERROR level on Logger[org.apache.catalina.util.LifecycleBase] onto the JUL framework
20:39:01,814 |-INFO in ch.qos.logback.classic.model.processor.LoggerModelHandler - Setting level of logger [org.apache.coyote.http11.Http11NioProtocol] to WARN
20:39:01,814 |-INFO in ch.qos.logback.classic.jul.LevelChangePropagator@112d1c8e - Propagating WARN level on Logger[org.apache.coyote.http11.Http11NioProtocol] onto the JUL framework
20:39:01,814 |-INFO in ch.qos.logback.classic.model.processor.LoggerModelHandler - Setting level of logger [org.apache.sshd.common.util.SecurityUtils] to WARN
20:39:01,814 |-INFO in ch.qos.logback.classic.jul.LevelChangePropagator@112d1c8e - Propagating WARN level on Logger[org.apache.sshd.common.util.SecurityUtils] onto the JUL framework
20:39:01,815 |-INFO in ch.qos.logback.classic.model.processor.LoggerModelHandler - Setting level of logger [org.apache.tomcat.util.net.NioSelectorPool] to WARN
20:39:01,815 |-INFO in ch.qos.logback.classic.jul.LevelChangePropagator@112d1c8e - Propagating WARN level on Logger[org.apache.tomcat.util.net.NioSelectorPool] onto the JUL framework
20:39:01,815 |-INFO in ch.qos.logback.classic.model.processor.LoggerModelHandler - Setting level of logger [org.eclipse.jetty.util.component.AbstractLifeCycle] to ERROR
20:39:01,815 |-INFO in ch.qos.logback.classic.jul.LevelChangePropagator@112d1c8e - Propagating ERROR level on Logger[org.eclipse.jetty.util.component.AbstractLifeCycle] onto the JUL framework
20:39:01,815 |-INFO in ch.qos.logback.classic.model.processor.LoggerModelHandler - Setting level of logger [org.hibernate.validator.internal.util.Version] to WARN
20:39:01,815 |-INFO in ch.qos.logback.classic.jul.LevelChangePropagator@112d1c8e - Propagating WARN level on Logger[org.hibernate.validator.internal.util.Version] onto the JUL framework
20:39:01,815 |-INFO in ch.qos.logback.classic.model.processor.LoggerModelHandler - Setting level of logger [org.springframework.boot.actuate.endpoint.jmx] to WARN
20:39:01,815 |-INFO in ch.qos.logback.classic.jul.LevelChangePropagator@112d1c8e - Propagating WARN level on Logger[org.springframework.boot.actuate.endpoint.jmx] onto the JUL framework
20:39:01,815 |-WARN in ch.qos.logback.core.model.processor.AppenderModelHandler - Appender named [CONSOLE] not referenced. Skipping further processing.
20:39:01,815 |-INFO in ch.qos.logback.core.model.processor.AppenderModelHandler - Processing appender named [JSON_CONSOLE]
20:39:01,815 |-INFO in ch.qos.logback.core.model.processor.AppenderModelHandler - About to instantiate appender of type [ch.qos.logback.core.ConsoleAppender]
20:39:01,841 |-INFO in ch.qos.logback.core.model.processor.ImplicitModelHandler - Assuming default type [net.logstash.logback.composite.loggingevent.LoggingEventJsonProviders] for [providers] property
20:39:01,856 |-INFO in ch.qos.logback.core.model.processor.ImplicitModelHandler - Assuming default type [net.logstash.logback.composite.loggingevent.LoggingEventFormattedTimestampJsonProvider] for [timestamp] property
20:39:01,860 |-INFO in ch.qos.logback.core.model.processor.ImplicitModelHandler - Assuming default type [net.logstash.logback.composite.loggingevent.LoggingEventPatternJsonProvider] for [pattern] property
20:39:01,862 |-INFO in ch.qos.logback.core.model.processor.ImplicitModelHandler - Assuming default type [net.logstash.logback.composite.loggingevent.ArgumentsJsonProvider] for [arguments] property
20:39:01,863 |-INFO in ch.qos.logback.core.model.processor.ImplicitModelHandler - Assuming default type [net.logstash.logback.composite.loggingevent.StackTraceJsonProvider] for [stackTrace] property
20:39:02,086 |-INFO in ch.qos.logback.classic.model.processor.RootLoggerModelHandler - Setting level of ROOT logger to INFO
20:39:02,086 |-INFO in ch.qos.logback.classic.jul.LevelChangePropagator@112d1c8e - Propagating INFO level on Logger[ROOT] onto the JUL framework
20:39:02,086 |-INFO in ch.qos.logback.core.model.processor.AppenderRefModelHandler - Attaching appender named [JSON_CONSOLE] to Logger[ROOT]
20:39:02,086 |-INFO in ch.qos.logback.core.model.processor.DefaultProcessor@3d49fd31 - End of configuration.
20:39:02,086 |-INFO in org.springframework.boot.logging.logback.SpringBootJoranConfigurator@4016ccc1 - Registering current configuration as safe fallback point


  .   ____          _            __ _ _
 /\\ / ___'_ __ _ _(_)_ __  __ _ \ \ \ \
( ( )\___ | '_ | '_| | '_ \/ _` | \ \ \ \
 \\/  ___)| |_)| | | | | || (_| |  ) ) ) )
  '  |____| .__|_| |_|_| |_\__, | / / / /
 =========|_|==============|___/=/_/_/_/
 :: Spring Boot ::                (v3.1.3)

{"timestamp":"2025-06-15T20:39:02.193+0200","level":"INFO","logger":"financial.controller.FinancialControllerTest","thread":"main","message":"Starting FinancialControllerTest using Java 17.0.15 with PID 5484 (started by dodob in C:\\Users\\dodob\\IdeaProjects\\APIMicroservices)","context":""}
{"timestamp":"2025-06-15T20:39:02.199+0200","level":"INFO","logger":"financial.controller.FinancialControllerTest","thread":"main","message":"No active profile set, falling back to 1 default profile: \"default\"","context":""}
{"timestamp":"2025-06-15T20:39:04.490+0200","level":"INFO","logger":"org.springframework.boot.autoconfigure.web.servlet.WelcomePageHandlerMapping","thread":"main","message":"Adding welcome page: class path resource [static/index.html]","context":""}
{"timestamp":"2025-06-15T20:39:04.683+0200","level":"INFO","logger":"org.springframework.boot.test.mock.web.SpringBootMockServletContext","thread":"main","message":"Initializing Spring TestDispatcherServlet ''","context":""}
{"timestamp":"2025-06-15T20:39:04.683+0200","level":"INFO","logger":"org.springframework.test.web.servlet.TestDispatcherServlet","thread":"main","message":"Initializing Servlet ''","context":""}
{"timestamp":"2025-06-15T20:39:04.686+0200","level":"INFO","logger":"org.springframework.test.web.servlet.TestDispatcherServlet","thread":"main","message":"Completed initialization in 2 ms","context":""}
{"timestamp":"2025-06-15T20:39:04.723+0200","level":"INFO","logger":"financial.controller.FinancialControllerTest","thread":"main","message":"Started FinancialControllerTest in 3.427 seconds (process running for 4.876)","context":""}
]]></system-out>
  </testcase>
  <testcase name="getAccountTransactions_returnsList" classname="financial.controller.FinancialControllerTest" time="0.163"/>
  <testcase name="getAllAccounts_returnsJson" classname="financial.controller.FinancialControllerTest" time="0.016"/>
</testsuite>