<?xml version="1.0" encoding="UTF-8"?>
<testsuite xmlns:xsi="http://www.w3.org/2001/XMLSchema-instance" xsi:noNamespaceSchemaLocation="https://maven.apache.org/surefire/maven-surefire-plugin/xsd/surefire-test-report-3.0.xsd" version="3.0" name="financial.controller.TransactionControllerTest" time="0.455" tests="3" errors="0" skipped="0" failures="0">
  <properties>
[...]
</properties>
  <testcase name="testGetById" classname="financial.controller.TransactionControllerTest" time="0.01">
    <system-out><![CDATA[{"timestamp":"2025-06-15T12:56:59.745+0200","level":"INFO","logger":"org.springframework.test.context.support.AnnotationConfigContextLoaderUtils","thread":"main","message":"Could not detect default configuration classes for test class [financial.controller.TransactionControllerTest]: TransactionControllerTest does not declare any static, non-private, non-final, nested classes annotated with @Configuration.","context":""}
{"timestamp":"2025-06-15T12:56:59.753+0200","level":"INFO","logger":"org.springframework.boot.test.context.SpringBootTestContextBootstrapper","thread":"main","message":"Found @SpringBootConfiguration financial.FinancialApiApplication for test class financial.controller.TransactionControllerTest","context":""}

  .   ____          _            __ _ _
 /\\ / ___'_ __ _ _(_)_ __  __ _ \ \ \ \
( ( )\___ | '_ | '_| | '_ \/ _` | \ \ \ \
 \\/  ___)| |_)| | | | | || (_| |  ) ) ) )
  '  |____| .__|_| |_|_| |_\__, | / / / /
 =========|_|==============|___/=/_/_/_/
 :: Spring Boot ::                (v3.1.3)

{"timestamp":"2025-06-15T12:56:59.804+0200","level":"INFO","logger":"financial.controller.TransactionControllerTest","thread":"main","message":"Starting TransactionControllerTest using Java 17.0.15 with PID 20452 (started by dodob in C:\\Users\\dodob\\IdeaProjects\\APIMicroservices)","context":""}
{"timestamp":"2025-06-15T12:56:59.804+0200","level":"INFO","logger":"financial.controller.TransactionControllerTest","thread":"main","message":"No active profile set, falling back to 1 default profile: \"default\"","context":""}
{"timestamp":"2025-06-15T12:57:00.117+0200","level":"INFO","logger":"org.springframework.boot.autoconfigure.web.servlet.WelcomePageHandlerMapping","thread":"main","message":"Adding welcome page: class path resource [static/index.html]","context":""}
{"timestamp":"2025-06-15T12:57:00.150+0200","level":"INFO","logger":"org.springframework.boot.test.mock.web.SpringBootMockServletContext","thread":"main","message":"Initializing Spring TestDispatcherServlet ''","context":""}
{"timestamp":"2025-06-15T12:57:00.150+0200","level":"INFO","logger":"org.springframework.test.web.servlet.TestDispatcherServlet","thread":"main","message":"Initializing Servlet ''","context":""}
{"timestamp":"2025-06-15T12:57:00.150+0200","level":"INFO","logger":"org.springframework.test.web.servlet.TestDispatcherServlet","thread":"main","message":"Completed initialization in 0 ms","context":""}
{"timestamp":"2025-06-15T12:57:00.160+0200","level":"INFO","logger":"financial.controller.TransactionControllerTest","thread":"main","message":"Started TransactionControllerTest in 0.397 seconds (process running for 6.213)","context":""}
]]></system-out>
  </testcase>
  <testcase name="testDelete" classname="financial.controller.TransactionControllerTest" time="0.007"/>
  <testcase name="testGetAll" classname="financial.controller.TransactionControllerTest" time="0.009"/>
</testsuite>