<?xml version="1.0" encoding="UTF-8"?>
<testsuite xmlns:xsi="http://www.w3.org/2001/XMLSchema-instance" xsi:noNamespaceSchemaLocation="https://maven.apache.org/surefire/maven-surefire-plugin/xsd/surefire-test-report-3.0.xsd" version="3.0" name="financial.controller.FinancialControllerTest" time="5.102" tests="3" errors="0" skipped="0" failures="0">
  <properties>
[...]
</properties>
  <testcase name="healthCheck_returnsOK" classname="financial.controller.FinancialControllerTest" time="0.252">
    <system-out><![CDATA[12:56:54.861 [main] INFO org.springframework.test.context.support.AnnotationConfigContextLoaderUtils -- Could not detect default configuration classes for test class [financial.controller.FinancialControllerTest]: FinancialControllerTest does not declare any static, non-private, non-final, nested classes annotated with @Configuration.
12:56:55.078 [main] INFO org.springframework.boot.test.context.SpringBootTestContextBootstrapper -- Found @SpringBootConfiguration financial.FinancialApiApplication for test class financial.controller.FinancialControllerTest
12:56:54,674 |-INFO in ch.qos.logback.classic.LoggerContext[default] - This is logback-classic version 1.4.11
12:56:54,678 |-INFO in ch.qos.logback.classic.util.ContextInitializer@7afbf561 - Here is a list of configurators discovered as a service, by rank: 
12:56:54,678 |-INFO in ch.qos.logback.classic.util.ContextInitializer@7afbf561 -   org.springframework.boot.logging.logback.RootLogLevelConfigurator
12:56:54,678 |-INFO in ch.qos.logback.classic.util.ContextInitializer@7afbf561 - They will be invoked in order until ExecutionStatus.DO_NOT_INVOKE_NEXT_IF_ANY is returned.
12:56:54,678 |-INFO in ch.qos.logback.classic.util.ContextInitializer@7afbf561 - Constructed configurator of type class org.springframework.boot.logging.logback.RootLogLevelConfigurator
12:56:54,684 |-INFO in ch.qos.logback.classic.util.ContextInitializer@7afbf561 - org.springframework.boot.logging.logback.RootLogLevelConfigurator.configure() call lasted 0 milliseconds. ExecutionStatus=INVOKE_NEXT_IF_ANY
12:56:54,684 |-INFO in ch.qos.logback.classic.util.ContextInitializer@7afbf561 - Trying to configure with ch.qos.logback.classic.joran.SerializedModelConfigurator
12:56:54,686 |-INFO in ch.qos.logback.classic.util.ContextInitializer@7afbf561 - Constructed configurator of type class ch.qos.logback.classic.joran.SerializedModelConfigurator
12:56:54,700 |-INFO in ch.qos.logback.classic.LoggerContext[default] - Could NOT find resource [logback-test.scmo]
12:56:54,703 |-INFO in ch.qos.logback.classic.LoggerContext[default] - Could NOT find resource [logback.scmo]
12:56:54,703 |-INFO in ch.qos.logback.classic.util.ContextInitializer@7afbf561 - ch.qos.logback.classic.joran.SerializedModelConfigurator.configure() call lasted 17 milliseconds. ExecutionStatus=INVOKE_NEXT_IF_ANY
12:56:54,703 |-INFO in ch.qos.logback.classic.util.ContextInitializer@7afbf561 - Trying to configure with ch.qos.logback.classic.util.DefaultJoranConfigurator
12:56:54,703 |-INFO in ch.qos.logback.classic.util.ContextInitializer@7afbf561 - Constructed configurator of type class ch.qos.logback.classic.util.DefaultJoranConfigurator
12:56:54,703 |-INFO in ch.qos.logback.classic.LoggerContext[default] - Could NOT find resource [logback-test.xml]
12:56:54,703 |-INFO in ch.qos.logback.classic.LoggerContext[default] - Could NOT find resource [logback.xml]
12:56:54,703 |-INFO in ch.qos.logback.classic.util.ContextInitializer@7afbf561 - ch.qos.logback.classic.util.DefaultJoranConfigurator.configure() call lasted 0 milliseconds. ExecutionStatus=INVOKE_NEXT_IF_ANY
12:56:54,703 |-INFO in ch.qos.logback.classic.util.ContextInitializer@7afbf561 - Trying to configure with ch.qos.logback.classic.BasicConfigurator
12:56:54,703 |-INFO in ch.qos.logback.classic.util.ContextInitializer@7afbf561 - Constructed configurator of type class ch.qos.logback.classic.BasicConfigurator
12:56:54,703 |-INFO in ch.qos.logback.classic.BasicConfigurator@2f98635e - Setting up default configuration.
12:56:54,717 |-INFO in ch.qos.logback.classic.util.ContextInitializer@7afbf561 - ch.qos.logback.classic.BasicConfigurator.configure() call lasted 14 milliseconds. ExecutionStatus=NEUTRAL
12:56:55,554 |-INFO in ch.qos.logback.core.joran.util.ConfigurationWatchListUtil@49c8f6e8 - Adding [jar:file:/C:/Users/dodob/.m2/repository/org/springframework/boot/spring-boot/3.1.3/spring-boot-3.1.3.jar!/org/springframework/boot/logging/logback/defaults.xml] to configuration watch list.
12:56:55,554 |-INFO in ch.qos.logback.core.joran.spi.ConfigurationWatchList@6b0615ae - URL [jar:file:/C:/Users/dodob/.m2/repository/org/springframework/boot/spring-boot/3.1.3/spring-boot-3.1.3.jar!/org/springframework/boot/logging/logback/defaults.xml] is not of type file
12:56:55,554 |-INFO in ch.qos.logback.core.joran.action.ConversionRuleAction - registering conversion word clr with class [org.springframework.boot.logging.logback.ColorConverter]
12:56:55,554 |-INFO in ch.qos.logback.core.joran.action.ConversionRuleAction - registering conversion word wex with class [org.springframework.boot.logging.logback.WhitespaceThrowableProxyConverter]
12:56:55,554 |-INFO in ch.qos.logback.core.joran.action.ConversionRuleAction - registering conversion word wEx with class [org.springframework.boot.logging.logback.ExtendedWhitespaceThrowableProxyConverter]
12:56:55,554 |-INFO in ch.qos.logback.core.joran.util.ConfigurationWatchListUtil@49c8f6e8 - Adding [jar:file:/C:/Users/dodob/.m2/repository/org/springframework/boot/spring-boot/3.1.3/spring-boot-3.1.3.jar!/org/springframework/boot/logging/logback/console-appender.xml] to configuration watch list.
12:56:55,554 |-INFO in ch.qos.logback.core.joran.spi.ConfigurationWatchList@6b0615ae - URL [jar:file:/C:/Users/dodob/.m2/repository/org/springframework/boot/spring-boot/3.1.3/spring-boot-3.1.3.jar!/org/springframework/boot/logging/logback/console-appender.xml] is not of type file
12:56:55,591 |-INFO in ch.qos.logback.classic.model.processor.ConfigurationModelHandlerFull - Registering a new ReconfigureOnChangeTask ReconfigureOnChangeTask(born:1749985015591)
12:56:55,591 |-INFO in ch.qos.logback.classic.model.processor.ConfigurationModelHandlerFull - No 'scanPeriod' specified. Defaulting to 1 minutes
12:56:55,593 |-INFO in ch.qos.logback.classic.model.processor.ConfigurationModelHandlerFull - Will scan for changes in [file:/C:/Users/dodob/IdeaProjects/APIMicroservices/target/classes/logback-spring.xml] 
12:56:55,593 |-INFO in ch.qos.logback.classic.model.processor.ConfigurationModelHandlerFull - Setting ReconfigureOnChangeTask scanning period to 1 minutes
12:56:55,593 |-INFO in ch.qos.logback.classic.model.processor.LoggerModelHandler - Setting level of logger [org.apache.catalina.startup.DigesterFactory] to ERROR
12:56:55,593 |-INFO in ch.qos.logback.classic.jul.LevelChangePropagator@4e73b552 - Propagating ERROR level on Logger[org.apache.catalina.startup.DigesterFactory] onto the JUL framework
12:56:55,593 |-INFO in ch.qos.logback.classic.model.processor.LoggerModelHandler - Setting level of logger [org.apache.catalina.util.LifecycleBase] to ERROR
12:56:55,593 |-INFO in ch.qos.logback.classic.jul.LevelChangePropagator@4e73b552 - Propagating ERROR level on Logger[org.apache.catalina.util.LifecycleBase] onto the JUL framework
12:56:55,593 |-INFO in ch.qos.logback.classic.model.processor.LoggerModelHandler - Setting level of logger [org.apache.coyote.http11.Http11NioProtocol] to WARN
12:56:55,593 |-INFO in ch.qos.logback.classic.jul.LevelChangePropagator@4e73b552 - Propagating WARN level on Logger[org.apache.coyote.http11.Http11NioProtocol] onto the JUL framework
12:56:55,593 |-INFO in ch.qos.logback.classic.model.processor.LoggerModelHandler - Setting level of logger [org.apache.sshd.common.util.SecurityUtils] to WARN
12:56:55,593 |-INFO in ch.qos.logback.classic.jul.LevelChangePropagator@4e73b552 - Propagating WARN level on Logger[org.apache.sshd.common.util.SecurityUtils] onto the JUL framework
12:56:55,593 |-INFO in ch.qos.logback.classic.model.processor.LoggerModelHandler - Setting level of logger [org.apache.tomcat.util.net.NioSelectorPool] to WARN
12:56:55,593 |-INFO in ch.qos.logback.classic.jul.LevelChangePropagator@4e73b552 - Propagating WARN level on Logger[org.apache.tomcat.util.net.NioSelectorPool] onto the JUL framework
12:56:55,593 |-INFO in ch.qos.logback.classic.model.processor.LoggerModelHandler - Setting level of logger [org.eclipse.jetty.util.component.AbstractLifeCycle] to ERROR
12:56:55,593 |-INFO in ch.qos.logback.classic.jul.LevelChangePropagator@4e73b552 - Propagating ERROR level on Logger[org.eclipse.jetty.util.component.AbstractLifeCycle] onto the JUL framework
12:56:55,599 |-INFO in ch.qos.logback.classic.model.processor.LoggerModelHandler - Setting level of logger [org.hibernate.validator.internal.util.Version] to WARN
12:56:55,599 |-INFO in ch.qos.logback.classic.jul.LevelChangePropagator@4e73b552 - Propagating WARN level on Logger[org.hibernate.validator.internal.util.Version] onto the JUL framework
12:56:55,599 |-INFO in ch.qos.logback.classic.model.processor.LoggerModelHandler - Setting level of logger [org.springframework.boot.actuate.endpoint.jmx] to WARN
12:56:55,599 |-INFO in ch.qos.logback.classic.jul.LevelChangePropagator@4e73b552 - Propagating WARN level on Logger[org.springframework.boot.actuate.endpoint.jmx] onto the JUL framework
12:56:55,600 |-WARN in ch.qos.logback.core.model.processor.AppenderModelHandler - Appender named [CONSOLE] not referenced. Skipping further processing.
12:56:55,600 |-INFO in ch.qos.logback.core.model.processor.AppenderModelHandler - Processing appender named [JSON_CONSOLE]
12:56:55,600 |-INFO in ch.qos.logback.core.model.processor.AppenderModelHandler - About to instantiate appender of type [ch.qos.logback.core.ConsoleAppender]
12:56:55,614 |-INFO in ch.qos.logback.core.model.processor.ImplicitModelHandler - Assuming default type [net.logstash.logback.composite.loggingevent.LoggingEventJsonProviders] for [providers] property
12:56:55,624 |-INFO in ch.qos.logback.core.model.processor.ImplicitModelHandler - Assuming default type [net.logstash.logback.composite.loggingevent.LoggingEventFormattedTimestampJsonProvider] for [timestamp] property
12:56:55,626 |-INFO in ch.qos.logback.core.model.processor.ImplicitModelHandler - Assuming default type [net.logstash.logback.composite.loggingevent.LoggingEventPatternJsonProvider] for [pattern] property
12:56:55,626 |-INFO in ch.qos.logback.core.model.processor.ImplicitModelHandler - Assuming default type [net.logstash.logback.composite.loggingevent.ArgumentsJsonProvider] for [arguments] property
12:56:55,627 |-INFO in ch.qos.logback.core.model.processor.ImplicitModelHandler - Assuming default type [net.logstash.logback.composite.loggingevent.StackTraceJsonProvider] for [stackTrace] property
12:56:55,874 |-INFO in ch.qos.logback.classic.model.processor.RootLoggerModelHandler - Setting level of ROOT logger to INFO
12:56:55,874 |-INFO in ch.qos.logback.classic.jul.LevelChangePropagator@4e73b552 - Propagating INFO level on Logger[ROOT] onto the JUL framework
12:56:55,874 |-INFO in ch.qos.logback.core.model.processor.AppenderRefModelHandler - Attaching appender named [JSON_CONSOLE] to Logger[ROOT]
12:56:55,874 |-INFO in ch.qos.logback.core.model.processor.DefaultProcessor@221dad51 - End of configuration.
12:56:55,874 |-INFO in org.springframework.boot.logging.logback.SpringBootJoranConfigurator@2cec704c - Registering current configuration as safe fallback point


  .   ____          _            __ _ _
 /\\ / ___'_ __ _ _(_)_ __  __ _ \ \ \ \
( ( )\___ | '_ | '_| | '_ \/ _` | \ \ \ \
 \\/  ___)| |_)| | | | | || (_| |  ) ) ) )
  '  |____| .__|_| |_|_| |_\__, | / / / /
 =========|_|==============|___/=/_/_/_/
 :: Spring Boot ::                (v3.1.3)

{"timestamp":"2025-06-15T12:56:55.987+0200","level":"INFO","logger":"financial.controller.FinancialControllerTest","thread":"main","message":"Starting FinancialControllerTest using Java 17.0.15 with PID 20452 (started by dodob in C:\\Users\\dodob\\IdeaProjects\\APIMicroservices)","context":""}
{"timestamp":"2025-06-15T12:56:55.990+0200","level":"INFO","logger":"financial.controller.FinancialControllerTest","thread":"main","message":"No active profile set, falling back to 1 default profile: \"default\"","context":""}
{"timestamp":"2025-06-15T12:56:58.825+0200","level":"INFO","logger":"org.springframework.boot.autoconfigure.web.servlet.WelcomePageHandlerMapping","thread":"main","message":"Adding welcome page: class path resource [static/index.html]","context":""}
{"timestamp":"2025-06-15T12:56:59.155+0200","level":"INFO","logger":"org.springframework.boot.test.mock.web.SpringBootMockServletContext","thread":"main","message":"Initializing Spring TestDispatcherServlet ''","context":""}
{"timestamp":"2025-06-15T12:56:59.157+0200","level":"INFO","logger":"org.springframework.test.web.servlet.TestDispatcherServlet","thread":"main","message":"Initializing Servlet ''","context":""}
{"timestamp":"2025-06-15T12:56:59.159+0200","level":"INFO","logger":"org.springframework.test.web.servlet.TestDispatcherServlet","thread":"main","message":"Completed initialization in 1 ms","context":""}
{"timestamp":"2025-06-15T12:56:59.220+0200","level":"INFO","logger":"financial.controller.FinancialControllerTest","thread":"main","message":"Started FinancialControllerTest in 4.028 seconds (process running for 5.273)","context":""}
]]></system-out>
  </testcase>
  <testcase name="getAccountTransactions_returnsList" classname="financial.controller.FinancialControllerTest" time="0.203"/>
  <testcase name="getAllAccounts_returnsJson" classname="financial.controller.FinancialControllerTest" time="0.013"/>
</testsuite>